<?xml version="1.0" encoding="UTF-8"?>
<!-- Generated by org.testng.reporters.JUnitReportReporter -->
<testsuite hostname="sharanabasappa" failures="0" tests="3" name="EcommerceApplicationPractice.Tests.SubmitOrderTest" time="46.041" errors="0" timestamp="2024-07-16T15:55:58 IST" skipped="0">
  <testcase classname="EcommerceApplicationPractice.Tests.SubmitOrderTest" name="submitOrder" time="28.032"/>
  <testcase classname="EcommerceApplicationPractice.Tests.SubmitOrderTest" name="OrderHistoryTest" time="8.065"/>
  <testcase classname="EcommerceApplicationPractice.Tests.SubmitOrderTest" name="submitOrder" time="9.944"/>
</testsuite> <!-- EcommerceApplicationPractice.Tests.SubmitOrderTest -->
