<?xml version="1.0" encoding="UTF-8"?>
<!-- Generated by org.testng.reporters.JUnitReportReporter -->
<testsuite hostname="sharanabasappa" failures="0" tests="3" name="EcommerceApplicationPractice.Tests.SubmitOrderTest" time="44.540" errors="0" timestamp="2024-05-28T19:02:22 IST" skipped="0">
  <testcase classname="EcommerceApplicationPractice.Tests.SubmitOrderTest" name="submitOrder" time="24.768"/>
  <testcase classname="EcommerceApplicationPractice.Tests.SubmitOrderTest" name="submitOrder" time="12.198"/>
  <testcase classname="EcommerceApplicationPractice.Tests.SubmitOrderTest" name="OrderHistoryTest" time="7.574"/>
</testsuite> <!-- EcommerceApplicationPractice.Tests.SubmitOrderTest -->
