<?xml version="1.0" encoding="UTF-8"?>
<!-- Generated by org.testng.reporters.JUnitReportReporter -->
<testsuite hostname="sharanabasappa" failures="0" tests="2" name="EcommerceApplicationPractice.Tests.ErrorValidation" time="33.321" errors="0" timestamp="2024-07-16T15:55:58 IST" skipped="0">
  <testcase classname="EcommerceApplicationPractice.Tests.ErrorValidation" name="procucatErrorValidation" time="26.497"/>
  <testcase classname="EcommerceApplicationPractice.Tests.ErrorValidation" name="LoginErrorValidation" time="6.824"/>
</testsuite> <!-- EcommerceApplicationPractice.Tests.ErrorValidation -->
