<?xml version="1.0" encoding="UTF-8"?>
<!-- Generated by org.testng.reporters.JUnitReportReporter -->
<testsuite hostname="sharanabasappa" failures="0" tests="1" name="Cucumber.TestNgTestRunner" time="11.033" errors="0" timestamp="2024-06-16T17:39:31 IST" skipped="0">
  <testcase classname="Cucumber.TestNgTestRunner" name="runScenario" time="11.033"/>
</testsuite> <!-- Cucumber.TestNgTestRunner -->
