<?xml version="1.0" encoding="UTF-8"?>
<!-- Generated by org.testng.reporters.JUnitReportReporter -->
<testsuite hostname="sharanabasappa" failures="0" tests="2" name="EcommerceApplicationPractice.Tests.ErrorValidation" time="34.294" errors="0" timestamp="2024-07-04T12:35:31 IST" skipped="0">
  <testcase classname="EcommerceApplicationPractice.Tests.ErrorValidation" name="LoginErrorValidation" time="7.245"/>
  <testcase classname="EcommerceApplicationPractice.Tests.ErrorValidation" name="procucatErrorValidation" time="27.049"/>
</testsuite> <!-- EcommerceApplicationPractice.Tests.ErrorValidation -->
